[2025-12-14T19:06:25.618+0000] {taskinstance.py:1103} INFO - Dependencies all met for dep_context=non-requeueable deps ti=<TaskInstance: batch_layer_pipeline.run_batch_layer scheduled__2025-12-14T18:00:00+00:00 [queued]>
[2025-12-14T19:06:25.641+0000] {taskinstance.py:1103} INFO - Dependencies all met for dep_context=requeueable deps ti=<TaskInstance: batch_layer_pipeline.run_batch_layer scheduled__2025-12-14T18:00:00+00:00 [queued]>
[2025-12-14T19:06:25.642+0000] {taskinstance.py:1308} INFO - Starting attempt 1 of 2
[2025-12-14T19:06:25.691+0000] {taskinstance.py:1327} INFO - Executing <Task(BashOperator): run_batch_layer> on 2025-12-14 18:00:00+00:00
[2025-12-14T19:06:25.698+0000] {standard_task_runner.py:57} INFO - Started process 183 to run task
[2025-12-14T19:06:25.708+0000] {standard_task_runner.py:84} INFO - Running: ['airflow', 'tasks', 'run', 'batch_layer_pipeline', 'run_batch_layer', 'scheduled__2025-12-14T18:00:00+00:00', '--job-id', '3', '--raw', '--subdir', 'DAGS_FOLDER/batch_pipeline_dag.py', '--cfg-path', '/tmp/tmpfkahisu7']
[2025-12-14T19:06:25.712+0000] {standard_task_runner.py:85} INFO - Job 3: Subtask run_batch_layer
[2025-12-14T19:06:25.909+0000] {task_command.py:410} INFO - Running <TaskInstance: batch_layer_pipeline.run_batch_layer scheduled__2025-12-14T18:00:00+00:00 [running]> on host acf4b99cd861
[2025-12-14T19:06:27.029+0000] {taskinstance.py:1547} INFO - Exporting env vars: AIRFLOW_CTX_DAG_OWNER='airflow' AIRFLOW_CTX_DAG_ID='batch_layer_pipeline' AIRFLOW_CTX_TASK_ID='run_batch_layer' AIRFLOW_CTX_EXECUTION_DATE='2025-12-14T18:00:00+00:00' AIRFLOW_CTX_TRY_NUMBER='1' AIRFLOW_CTX_DAG_RUN_ID='scheduled__2025-12-14T18:00:00+00:00'
[2025-12-14T19:06:27.033+0000] {subprocess.py:63} INFO - Tmp dir root location: /tmp
[2025-12-14T19:06:27.034+0000] {subprocess.py:75} INFO - Running command: ['/bin/bash', '-c', '\n        docker exec spark-master         /opt/spark/bin/spark-submit         --master spark://spark-master:7077         --driver-memory 1g         --executor-memory 1g         --packages org.apache.spark:spark-sql-kafka-0-10_2.12:3.5.0,org.apache.spark:spark-avro_2.12:3.5.0         /opt/spark/jobs/batch_layer.py\n        ']
[2025-12-14T19:06:27.053+0000] {subprocess.py:86} INFO - Output:
[2025-12-14T19:06:27.126+0000] {subprocess.py:93} INFO - Error response from daemon: client version 1.41 is too old. Minimum supported API version is 1.44, please upgrade your client to a newer version
[2025-12-14T19:06:27.129+0000] {subprocess.py:97} INFO - Command exited with return code 1
[2025-12-14T19:06:27.149+0000] {taskinstance.py:1824} ERROR - Task failed with exception
Traceback (most recent call last):
  File "/home/airflow/.local/lib/python3.7/site-packages/airflow/operators/bash.py", line 211, in execute
    f"Bash command failed. The command returned a non-zero exit code {result.exit_code}."
airflow.exceptions.AirflowException: Bash command failed. The command returned a non-zero exit code 1.
[2025-12-14T19:06:27.155+0000] {taskinstance.py:1350} INFO - Marking task as UP_FOR_RETRY. dag_id=batch_layer_pipeline, task_id=run_batch_layer, execution_date=20251214T180000, start_date=20251214T190625, end_date=20251214T190627
[2025-12-14T19:06:27.177+0000] {standard_task_runner.py:109} ERROR - Failed to execute job 3 for task run_batch_layer (Bash command failed. The command returned a non-zero exit code 1.; 183)
[2025-12-14T19:06:27.251+0000] {local_task_job_runner.py:225} INFO - Task exited with return code 1
[2025-12-14T19:06:27.386+0000] {taskinstance.py:2653} INFO - 0 downstream tasks scheduled from follow-on schedule check
[2025-12-14T19:21:12.996+0000] {taskinstance.py:1956} INFO - Dependencies all met for dep_context=non-requeueable deps ti=<TaskInstance: batch_layer_pipeline.run_batch_layer scheduled__2025-12-14T18:00:00+00:00 [queued]>
[2025-12-14T19:21:13.011+0000] {taskinstance.py:1956} INFO - Dependencies all met for dep_context=requeueable deps ti=<TaskInstance: batch_layer_pipeline.run_batch_layer scheduled__2025-12-14T18:00:00+00:00 [queued]>
[2025-12-14T19:21:13.012+0000] {taskinstance.py:2170} INFO - Starting attempt 1 of 2
[2025-12-14T19:21:13.039+0000] {taskinstance.py:2191} INFO - Executing <Task(BashOperator): run_batch_layer> on 2025-12-14 18:00:00+00:00
[2025-12-14T19:21:13.043+0000] {standard_task_runner.py:60} INFO - Started process 108 to run task
[2025-12-14T19:21:13.049+0000] {standard_task_runner.py:87} INFO - Running: ['airflow', 'tasks', 'run', 'batch_layer_pipeline', 'run_batch_layer', 'scheduled__2025-12-14T18:00:00+00:00', '--job-id', '3', '--raw', '--subdir', 'DAGS_FOLDER/batch_pipeline_dag.py', '--cfg-path', '/tmp/tmpp0mfkthr']
[2025-12-14T19:21:13.053+0000] {standard_task_runner.py:88} INFO - Job 3: Subtask run_batch_layer
[2025-12-14T19:21:13.131+0000] {task_command.py:423} INFO - Running <TaskInstance: batch_layer_pipeline.run_batch_layer scheduled__2025-12-14T18:00:00+00:00 [running]> on host d6e07605b213
[2025-12-14T19:21:13.228+0000] {taskinstance.py:2480} INFO - Exporting env vars: AIRFLOW_CTX_DAG_OWNER='airflow' AIRFLOW_CTX_DAG_ID='batch_layer_pipeline' AIRFLOW_CTX_TASK_ID='run_batch_layer' AIRFLOW_CTX_EXECUTION_DATE='2025-12-14T18:00:00+00:00' AIRFLOW_CTX_TRY_NUMBER='1' AIRFLOW_CTX_DAG_RUN_ID='scheduled__2025-12-14T18:00:00+00:00'
[2025-12-14T19:21:13.229+0000] {subprocess.py:63} INFO - Tmp dir root location: /tmp
[2025-12-14T19:21:13.230+0000] {subprocess.py:75} INFO - Running command: ['/usr/bin/bash', '-c', '\n        docker exec spark-master         /opt/spark/bin/spark-submit         --master spark://spark-master:7077         --driver-memory 1g         --executor-memory 1g         --packages org.apache.spark:spark-sql-kafka-0-10_2.12:3.5.0,org.apache.spark:spark-avro_2.12:3.5.0         /opt/spark/jobs/batch_layer.py\n        ']
[2025-12-14T19:21:13.238+0000] {subprocess.py:86} INFO - Output:
[2025-12-14T19:21:13.261+0000] {subprocess.py:93} INFO - Error response from daemon: client version 1.43 is too old. Minimum supported API version is 1.44, please upgrade your client to a newer version
[2025-12-14T19:21:13.263+0000] {subprocess.py:97} INFO - Command exited with return code 1
[2025-12-14T19:21:13.273+0000] {taskinstance.py:2698} ERROR - Task failed with exception
Traceback (most recent call last):
  File "/home/airflow/.local/lib/python3.8/site-packages/airflow/models/taskinstance.py", line 433, in _execute_task
    result = execute_callable(context=context, **execute_callable_kwargs)
  File "/home/airflow/.local/lib/python3.8/site-packages/airflow/operators/bash.py", line 212, in execute
    raise AirflowException(
airflow.exceptions.AirflowException: Bash command failed. The command returned a non-zero exit code 1.
[2025-12-14T19:21:13.277+0000] {taskinstance.py:1138} INFO - Marking task as UP_FOR_RETRY. dag_id=batch_layer_pipeline, task_id=run_batch_layer, execution_date=20251214T180000, start_date=20251214T192112, end_date=20251214T192113
[2025-12-14T19:21:13.295+0000] {standard_task_runner.py:107} ERROR - Failed to execute job 3 for task run_batch_layer (Bash command failed. The command returned a non-zero exit code 1.; 108)
[2025-12-14T19:21:13.308+0000] {local_task_job_runner.py:234} INFO - Task exited with return code 1
[2025-12-14T19:21:13.334+0000] {taskinstance.py:3280} INFO - 0 downstream tasks scheduled from follow-on schedule check
[2025-12-14T19:50:45.525+0000] {local_task_job_runner.py:123} INFO - ::group::Pre task execution logs
[2025-12-14T19:50:45.546+0000] {taskinstance.py:2603} INFO - Dependencies all met for dep_context=non-requeueable deps ti=<TaskInstance: batch_layer_pipeline.run_batch_layer scheduled__2025-12-14T18:00:00+00:00 [queued]>
[2025-12-14T19:50:45.559+0000] {taskinstance.py:2603} INFO - Dependencies all met for dep_context=requeueable deps ti=<TaskInstance: batch_layer_pipeline.run_batch_layer scheduled__2025-12-14T18:00:00+00:00 [queued]>
[2025-12-14T19:50:45.560+0000] {taskinstance.py:2856} INFO - Starting attempt 1 of 2
[2025-12-14T19:50:45.593+0000] {taskinstance.py:2879} INFO - Executing <Task(BashOperator): run_batch_layer> on 2025-12-14 18:00:00+00:00
[2025-12-14T19:50:45.599+0000] {standard_task_runner.py:72} INFO - Started process 104 to run task
[2025-12-14T19:50:45.603+0000] {standard_task_runner.py:104} INFO - Running: ['airflow', 'tasks', 'run', 'batch_layer_pipeline', 'run_batch_layer', 'scheduled__2025-12-14T18:00:00+00:00', '--job-id', '3', '--raw', '--subdir', 'DAGS_FOLDER/batch_pipeline_dag.py', '--cfg-path', '/tmp/tmpfh7sflhf']
[2025-12-14T19:50:45.610+0000] {standard_task_runner.py:105} INFO - Job 3: Subtask run_batch_layer
[2025-12-14T19:50:45.710+0000] {task_command.py:467} INFO - Running <TaskInstance: batch_layer_pipeline.run_batch_layer scheduled__2025-12-14T18:00:00+00:00 [running]> on host 3214e7074bf8
[2025-12-14T19:50:45.932+0000] {taskinstance.py:3122} INFO - Exporting env vars: AIRFLOW_CTX_DAG_OWNER='airflow' AIRFLOW_CTX_DAG_ID='batch_layer_pipeline' AIRFLOW_CTX_TASK_ID='run_batch_layer' AIRFLOW_CTX_EXECUTION_DATE='2025-12-14T18:00:00+00:00' AIRFLOW_CTX_TRY_NUMBER='1' AIRFLOW_CTX_DAG_RUN_ID='scheduled__2025-12-14T18:00:00+00:00'
[2025-12-14T19:50:45.933+0000] {taskinstance.py:731} INFO - ::endgroup::
[2025-12-14T19:50:46.017+0000] {subprocess.py:63} INFO - Tmp dir root location: /tmp
[2025-12-14T19:50:46.019+0000] {subprocess.py:75} INFO - Running command: ['/usr/bin/bash', '-c', '\n        docker exec spark-master         /opt/spark/bin/spark-submit         --master spark://spark-master:7077         --driver-memory 1g         --executor-memory 1g         --packages org.apache.spark:spark-sql-kafka-0-10_2.12:3.5.0,org.apache.spark:spark-avro_2.12:3.5.0         /opt/spark/jobs/batch_layer.py\n        ']
[2025-12-14T19:50:46.033+0000] {subprocess.py:86} INFO - Output:
[2025-12-14T19:50:50.197+0000] {subprocess.py:93} INFO - :: loading settings :: url = jar:file:/opt/spark/jars/ivy-2.5.1.jar!/org/apache/ivy/core/settings/ivysettings.xml
[2025-12-14T19:50:50.425+0000] {subprocess.py:93} INFO - Ivy Default Cache set to: /home/spark/.ivy2/cache
[2025-12-14T19:50:50.426+0000] {subprocess.py:93} INFO - The jars for the packages stored in: /home/spark/.ivy2/jars
[2025-12-14T19:50:50.434+0000] {subprocess.py:93} INFO - org.apache.spark#spark-sql-kafka-0-10_2.12 added as a dependency
[2025-12-14T19:50:50.435+0000] {subprocess.py:93} INFO - org.apache.spark#spark-avro_2.12 added as a dependency
[2025-12-14T19:50:50.439+0000] {subprocess.py:93} INFO - :: resolving dependencies :: org.apache.spark#spark-submit-parent-68167302-a533-4d04-8e57-faf618438c25;1.0
[2025-12-14T19:50:50.440+0000] {subprocess.py:93} INFO - 	confs: [default]
[2025-12-14T19:50:52.983+0000] {subprocess.py:93} INFO - 	found org.apache.spark#spark-sql-kafka-0-10_2.12;3.5.0 in central
[2025-12-14T19:50:54.308+0000] {subprocess.py:93} INFO - Exception in thread "main" java.io.FileNotFoundException: /home/spark/.ivy2/cache/resolved-org.apache.spark-spark-submit-parent-68167302-a533-4d04-8e57-faf618438c25-1.0.xml (No such file or directory)
[2025-12-14T19:50:54.313+0000] {subprocess.py:93} INFO - 	at java.base/java.io.FileOutputStream.open0(Native Method)
[2025-12-14T19:50:54.314+0000] {subprocess.py:93} INFO - 	at java.base/java.io.FileOutputStream.open(Unknown Source)
[2025-12-14T19:50:54.315+0000] {subprocess.py:93} INFO - 	at java.base/java.io.FileOutputStream.<init>(Unknown Source)
[2025-12-14T19:50:54.316+0000] {subprocess.py:93} INFO - 	at java.base/java.io.FileOutputStream.<init>(Unknown Source)
[2025-12-14T19:50:54.317+0000] {subprocess.py:93} INFO - 	at org.apache.ivy.plugins.parser.xml.XmlModuleDescriptorWriter.write(XmlModuleDescriptorWriter.java:71)
[2025-12-14T19:50:54.319+0000] {subprocess.py:93} INFO - 	at org.apache.ivy.plugins.parser.xml.XmlModuleDescriptorWriter.write(XmlModuleDescriptorWriter.java:63)
[2025-12-14T19:50:54.319+0000] {subprocess.py:93} INFO - 	at org.apache.ivy.core.module.descriptor.DefaultModuleDescriptor.toIvyFile(DefaultModuleDescriptor.java:553)
[2025-12-14T19:50:54.322+0000] {subprocess.py:93} INFO - 	at org.apache.ivy.core.cache.DefaultResolutionCacheManager.saveResolvedModuleDescriptor(DefaultResolutionCacheManager.java:184)
[2025-12-14T19:50:54.323+0000] {subprocess.py:93} INFO - 	at org.apache.ivy.core.resolve.ResolveEngine.resolve(ResolveEngine.java:259)
[2025-12-14T19:50:54.324+0000] {subprocess.py:93} INFO - 	at org.apache.ivy.Ivy.resolve(Ivy.java:522)
[2025-12-14T19:50:54.324+0000] {subprocess.py:93} INFO - 	at org.apache.spark.deploy.SparkSubmitUtils$.resolveMavenCoordinates(SparkSubmit.scala:1535)
[2025-12-14T19:50:54.325+0000] {subprocess.py:93} INFO - 	at org.apache.spark.util.DependencyUtils$.resolveMavenDependencies(DependencyUtils.scala:185)
[2025-12-14T19:50:54.326+0000] {subprocess.py:93} INFO - 	at org.apache.spark.deploy.SparkSubmit.prepareSubmitEnvironment(SparkSubmit.scala:334)
[2025-12-14T19:50:54.327+0000] {subprocess.py:93} INFO - 	at org.apache.spark.deploy.SparkSubmit.org$apache$spark$deploy$SparkSubmit$$runMain(SparkSubmit.scala:964)
[2025-12-14T19:50:54.327+0000] {subprocess.py:93} INFO - 	at org.apache.spark.deploy.SparkSubmit.doRunMain$1(SparkSubmit.scala:194)
[2025-12-14T19:50:54.328+0000] {subprocess.py:93} INFO - 	at org.apache.spark.deploy.SparkSubmit.submit(SparkSubmit.scala:217)
[2025-12-14T19:50:54.329+0000] {subprocess.py:93} INFO - 	at org.apache.spark.deploy.SparkSubmit.doSubmit(SparkSubmit.scala:91)
[2025-12-14T19:50:54.329+0000] {subprocess.py:93} INFO - 	at org.apache.spark.deploy.SparkSubmit$$anon$2.doSubmit(SparkSubmit.scala:1120)
[2025-12-14T19:50:54.330+0000] {subprocess.py:93} INFO - 	at org.apache.spark.deploy.SparkSubmit$.main(SparkSubmit.scala:1129)
[2025-12-14T19:50:54.331+0000] {subprocess.py:93} INFO - 	at org.apache.spark.deploy.SparkSubmit.main(SparkSubmit.scala)
[2025-12-14T19:50:54.362+0000] {subprocess.py:97} INFO - Command exited with return code 1
[2025-12-14T19:50:54.375+0000] {taskinstance.py:3301} ERROR - Task failed with exception
Traceback (most recent call last):
  File "/home/airflow/.local/lib/python3.12/site-packages/airflow/models/taskinstance.py", line 767, in _execute_task
    result = _execute_callable(context=context, **execute_callable_kwargs)
             ^^^^^^^^^^^^^^^^^^^^^^^^^^^^^^^^^^^^^^^^^^^^^^^^^^^^^^^^^^^^^
  File "/home/airflow/.local/lib/python3.12/site-packages/airflow/models/taskinstance.py", line 733, in _execute_callable
    return ExecutionCallableRunner(
           ^^^^^^^^^^^^^^^^^^^^^^^^
  File "/home/airflow/.local/lib/python3.12/site-packages/airflow/utils/operator_helpers.py", line 252, in run
    return self.func(*args, **kwargs)
           ^^^^^^^^^^^^^^^^^^^^^^^^^^
  File "/home/airflow/.local/lib/python3.12/site-packages/airflow/models/baseoperator.py", line 406, in wrapper
    return func(self, *args, **kwargs)
           ^^^^^^^^^^^^^^^^^^^^^^^^^^^
  File "/home/airflow/.local/lib/python3.12/site-packages/airflow/operators/bash.py", line 249, in execute
    raise AirflowException(
airflow.exceptions.AirflowException: Bash command failed. The command returned a non-zero exit code 1.
[2025-12-14T19:50:54.386+0000] {taskinstance.py:1225} INFO - Marking task as UP_FOR_RETRY. dag_id=batch_layer_pipeline, task_id=run_batch_layer, run_id=scheduled__2025-12-14T18:00:00+00:00, execution_date=20251214T180000, start_date=20251214T195045, end_date=20251214T195054
[2025-12-14T19:50:54.417+0000] {taskinstance.py:340} INFO - ::group::Post task execution logs
[2025-12-14T19:50:54.418+0000] {standard_task_runner.py:124} ERROR - Failed to execute job 3 for task run_batch_layer (Bash command failed. The command returned a non-zero exit code 1.; 104)
Traceback (most recent call last):
  File "/home/airflow/.local/lib/python3.12/site-packages/airflow/task/task_runner/standard_task_runner.py", line 117, in _start_by_fork
    ret = args.func(args, dag=self.dag)
          ^^^^^^^^^^^^^^^^^^^^^^^^^^^^^
  File "/home/airflow/.local/lib/python3.12/site-packages/airflow/cli/cli_config.py", line 49, in command
    return func(*args, **kwargs)
           ^^^^^^^^^^^^^^^^^^^^^
  File "/home/airflow/.local/lib/python3.12/site-packages/airflow/utils/cli.py", line 115, in wrapper
    return f(*args, **kwargs)
           ^^^^^^^^^^^^^^^^^^
  File "/home/airflow/.local/lib/python3.12/site-packages/airflow/cli/commands/task_command.py", line 483, in task_run
    task_return_code = _run_task_by_selected_method(args, _dag, ti)
                       ^^^^^^^^^^^^^^^^^^^^^^^^^^^^^^^^^^^^^^^^^^^^
  File "/home/airflow/.local/lib/python3.12/site-packages/airflow/cli/commands/task_command.py", line 256, in _run_task_by_selected_method
    return _run_raw_task(args, ti)
           ^^^^^^^^^^^^^^^^^^^^^^^
  File "/home/airflow/.local/lib/python3.12/site-packages/airflow/cli/commands/task_command.py", line 341, in _run_raw_task
    return ti._run_raw_task(
           ^^^^^^^^^^^^^^^^^
  File "/home/airflow/.local/lib/python3.12/site-packages/airflow/utils/session.py", line 97, in wrapper
    return func(*args, session=session, **kwargs)
           ^^^^^^^^^^^^^^^^^^^^^^^^^^^^^^^^^^^^^^
  File "/home/airflow/.local/lib/python3.12/site-packages/airflow/models/taskinstance.py", line 2995, in _run_raw_task
    return _run_raw_task(
           ^^^^^^^^^^^^^^
  File "/home/airflow/.local/lib/python3.12/site-packages/airflow/models/taskinstance.py", line 273, in _run_raw_task
    TaskInstance._execute_task_with_callbacks(
  File "/home/airflow/.local/lib/python3.12/site-packages/airflow/models/taskinstance.py", line 3149, in _execute_task_with_callbacks
    result = self._execute_task(context, task_orig)
             ^^^^^^^^^^^^^^^^^^^^^^^^^^^^^^^^^^^^^^
  File "/home/airflow/.local/lib/python3.12/site-packages/airflow/models/taskinstance.py", line 3173, in _execute_task
    return _execute_task(self, context, task_orig)
           ^^^^^^^^^^^^^^^^^^^^^^^^^^^^^^^^^^^^^^^
  File "/home/airflow/.local/lib/python3.12/site-packages/airflow/models/taskinstance.py", line 767, in _execute_task
    result = _execute_callable(context=context, **execute_callable_kwargs)
             ^^^^^^^^^^^^^^^^^^^^^^^^^^^^^^^^^^^^^^^^^^^^^^^^^^^^^^^^^^^^^
  File "/home/airflow/.local/lib/python3.12/site-packages/airflow/models/taskinstance.py", line 733, in _execute_callable
    return ExecutionCallableRunner(
           ^^^^^^^^^^^^^^^^^^^^^^^^
  File "/home/airflow/.local/lib/python3.12/site-packages/airflow/utils/operator_helpers.py", line 252, in run
    return self.func(*args, **kwargs)
           ^^^^^^^^^^^^^^^^^^^^^^^^^^
  File "/home/airflow/.local/lib/python3.12/site-packages/airflow/models/baseoperator.py", line 406, in wrapper
    return func(self, *args, **kwargs)
           ^^^^^^^^^^^^^^^^^^^^^^^^^^^
  File "/home/airflow/.local/lib/python3.12/site-packages/airflow/operators/bash.py", line 249, in execute
    raise AirflowException(
airflow.exceptions.AirflowException: Bash command failed. The command returned a non-zero exit code 1.
[2025-12-14T19:50:54.441+0000] {local_task_job_runner.py:261} INFO - Task exited with return code 1
[2025-12-14T19:50:54.476+0000] {taskinstance.py:3891} INFO - 0 downstream tasks scheduled from follow-on schedule check
[2025-12-14T19:50:54.477+0000] {local_task_job_runner.py:240} INFO - ::endgroup::
