[2025-12-14T18:34:45.201+0000] {taskinstance.py:1103} INFO - Dependencies all met for dep_context=non-requeueable deps ti=<TaskInstance: batch_layer_pipeline.run_batch_layer manual__2025-12-14T18:34:38.168696+00:00 [queued]>
[2025-12-14T18:34:45.218+0000] {taskinstance.py:1103} INFO - Dependencies all met for dep_context=requeueable deps ti=<TaskInstance: batch_layer_pipeline.run_batch_layer manual__2025-12-14T18:34:38.168696+00:00 [queued]>
[2025-12-14T18:34:45.218+0000] {taskinstance.py:1308} INFO - Starting attempt 1 of 2
[2025-12-14T18:34:45.264+0000] {taskinstance.py:1327} INFO - Executing <Task(DockerOperator): run_batch_layer> on 2025-12-14 18:34:38.168696+00:00
[2025-12-14T18:34:45.269+0000] {standard_task_runner.py:57} INFO - Started process 277 to run task
[2025-12-14T18:34:45.276+0000] {standard_task_runner.py:84} INFO - Running: ['airflow', 'tasks', 'run', 'batch_layer_pipeline', 'run_batch_layer', 'manual__2025-12-14T18:34:38.168696+00:00', '--job-id', '10', '--raw', '--subdir', 'DAGS_FOLDER/exchange_rates_batch_dag.py', '--cfg-path', '/tmp/tmpzz0fud3j']
[2025-12-14T18:34:45.278+0000] {standard_task_runner.py:85} INFO - Job 10: Subtask run_batch_layer
[2025-12-14T18:34:45.347+0000] {task_command.py:410} INFO - Running <TaskInstance: batch_layer_pipeline.run_batch_layer manual__2025-12-14T18:34:38.168696+00:00 [running]> on host 5c34b1e03bae
[2025-12-14T18:34:46.203+0000] {taskinstance.py:1547} INFO - Exporting env vars: AIRFLOW_CTX_DAG_OWNER='airflow' AIRFLOW_CTX_DAG_ID='batch_layer_pipeline' AIRFLOW_CTX_TASK_ID='run_batch_layer' AIRFLOW_CTX_EXECUTION_DATE='2025-12-14T18:34:38.168696+00:00' AIRFLOW_CTX_TRY_NUMBER='1' AIRFLOW_CTX_DAG_RUN_ID='manual__2025-12-14T18:34:38.168696+00:00'
[2025-12-14T18:34:46.301+0000] {docker.py:462} INFO - Pulling docker image bitnami/spark:3.5
[2025-12-14T18:34:47.643+0000] {taskinstance.py:1824} ERROR - Task failed with exception
Traceback (most recent call last):
  File "/home/airflow/.local/lib/python3.7/site-packages/docker/api/client.py", line 268, in _raise_for_status
    response.raise_for_status()
  File "/home/airflow/.local/lib/python3.7/site-packages/requests/models.py", line 1021, in raise_for_status
    raise HTTPError(http_error_msg, response=self)
requests.exceptions.HTTPError: 404 Client Error: Not Found for url: http+docker://localhost/v1.44/images/create?tag=3.5&fromImage=bitnami%2Fspark

The above exception was the direct cause of the following exception:

Traceback (most recent call last):
  File "/home/airflow/.local/lib/python3.7/site-packages/airflow/providers/docker/operators/docker.py", line 464, in execute
    for output in self.cli.pull(self.image, stream=True, decode=True):
  File "/home/airflow/.local/lib/python3.7/site-packages/docker/api/image.py", line 429, in pull
    self._raise_for_status(response)
  File "/home/airflow/.local/lib/python3.7/site-packages/docker/api/client.py", line 270, in _raise_for_status
    raise create_api_error_from_http_exception(e) from e
  File "/home/airflow/.local/lib/python3.7/site-packages/docker/errors.py", line 39, in create_api_error_from_http_exception
    raise cls(e, response=response, explanation=explanation) from e
docker.errors.NotFound: 404 Client Error for http+docker://localhost/v1.44/images/create?tag=3.5&fromImage=bitnami%2Fspark: Not Found ("failed to resolve reference "docker.io/bitnami/spark:3.5": docker.io/bitnami/spark:3.5: not found")
[2025-12-14T18:34:47.656+0000] {taskinstance.py:1350} INFO - Marking task as UP_FOR_RETRY. dag_id=batch_layer_pipeline, task_id=run_batch_layer, execution_date=20251214T183438, start_date=20251214T183445, end_date=20251214T183447
[2025-12-14T18:34:47.689+0000] {standard_task_runner.py:109} ERROR - Failed to execute job 10 for task run_batch_layer (404 Client Error for http+docker://localhost/v1.44/images/create?tag=3.5&fromImage=bitnami%2Fspark: Not Found ("failed to resolve reference "docker.io/bitnami/spark:3.5": docker.io/bitnami/spark:3.5: not found"); 277)
[2025-12-14T18:34:47.746+0000] {local_task_job_runner.py:225} INFO - Task exited with return code 1
[2025-12-14T18:34:47.788+0000] {taskinstance.py:2653} INFO - 0 downstream tasks scheduled from follow-on schedule check
